<?xml version="1.0" encoding="UTF-8"?>
<!-- Generated by org.testng.reporters.JUnitXMLReporter -->
<testsuite ignored="3" hostname="DESKTOP-NTRPD75" failures="0" tests="1" name="Default test" time="0.086" errors="0" timestamp="2022-02-18T00:00:33 IST">
  <testcase classname="testngpractise.t1" name="NheyDude" time="0.014"/>
  <testcase classname="testngpractise.t1" name="AheyDude" time="0.0">
    <ignored/>
  </testcase> <!-- AheyDude -->
  <testcase classname="testngpractise.t1" name="BheyDude" time="0.0">
    <ignored/>
  </testcase> <!-- BheyDude -->
  <testcase classname="testngpractise.t1" name="HheyDude" time="0.0">
    <ignored/>
  </testcase> <!-- HheyDude -->
</testsuite> <!-- Default test -->
