<?xml version="1.0" encoding="UTF-8"?>
<!-- Generated by org.testng.reporters.JUnitXMLReporter -->
<testsuite ignored="2" hostname="DESKTOP-NTRPD75" failures="0" tests="2" name="Test1" time="0.057" errors="0" timestamp="2022-02-18T00:07:56 IST">
  <testcase classname="testngpractise.t1" name="BheyDude" time="0.01"/>
  <testcase classname="testngpractise.t1" name="NheyDude" time="0.001"/>
  <testcase classname="testngpractise.t1" name="AheyDude" time="0.0">
    <ignored/>
  </testcase> <!-- AheyDude -->
  <testcase classname="testngpractise.t1" name="HheyDude" time="0.0">
    <ignored/>
  </testcase> <!-- HheyDude -->
</testsuite> <!-- Test1 -->
