<?xml version="1.0" encoding="UTF-8"?>
<!-- Generated by org.testng.reporters.JUnitXMLReporter -->
<testsuite ignored="10" hostname="DESKTOP-NTRPD75" failures="0" tests="5" name="Test" time="0.101" errors="0" timestamp="2022-03-08T14:38:31 IST">
  <testcase classname="testngpractise.day4" name="MobileLoginHomeLoan" time="0.016"/>
  <testcase classname="testngpractise.day3" name="MobileLogincarLoan" time="0.003"/>
  <testcase classname="testngpractise.day2" name="ploan" time="0.003"/>
  <testcase classname="testngpractise.t1" name="BheyDude" time="0.002"/>
  <testcase classname="testngpractise.t1" name="NheyDude" time="0.001"/>
  <testcase classname="testngpractise.t1" name="AheyDude" time="0.0">
    <ignored/>
  </testcase> <!-- AheyDude -->
  <testcase classname="testngpractise.day1" name="Demo" time="0.0">
    <ignored/>
  </testcase> <!-- Demo -->
  <testcase classname="testngpractise.day1" name="SecondTest" time="0.0">
    <ignored/>
  </testcase> <!-- SecondTest -->
  <testcase classname="testngpractise.day4" name="LoginAPIHomeLoan" time="0.0">
    <ignored/>
  </testcase> <!-- LoginAPIHomeLoan -->
  <testcase classname="testngpractise.day4" name="WebloginHomeLoan" time="0.0">
    <ignored/>
  </testcase> <!-- WebloginHomeLoan -->
  <testcase classname="testngpractise.t1" name="HheyDude" time="0.0">
    <ignored/>
  </testcase> <!-- HheyDude -->
  <testcase classname="testngpractise.day3" name="MobilesignimcarLoan" time="0.0">
    <ignored/>
  </testcase> <!-- MobilesignimcarLoan -->
  <testcase classname="testngpractise.day3" name="MobilesignoutcarLoan" time="0.0">
    <ignored/>
  </testcase> <!-- MobilesignoutcarLoan -->
  <testcase classname="testngpractise.day3" name="WebloginCarLoan" time="0.0">
    <ignored/>
  </testcase> <!-- WebloginCarLoan -->
  <testcase classname="testngpractise.day3" name="APIcarLoan" time="0.0">
    <ignored/>
  </testcase> <!-- APIcarLoan -->
</testsuite> <!-- Test -->
